<?xml version="1.0" encoding="UTF-8"?>
<testsuite name="com.github.francoisdorval.asteroidapi.component.ComponentTest" tests="1" skipped="0" failures="0" errors="0" timestamp="2021-02-25T19:26:08" hostname="DESKTOP-9J2SIQ2" time="0.817">
  <properties/>
  <testcase name="test_Get_Asteroids()" classname="com.github.francoisdorval.asteroidapi.component.ComponentTest" time="0.817"/>
  <system-out><![CDATA[2021-02-25 20:26:04.730  INFO 21592 --- [    Test worker] .b.t.c.SpringBootTestContextBootstrapper : Neither @ContextConfiguration nor @ContextHierarchy found for test class [com.github.francoisdorval.asteroidapi.component.ComponentTest], using SpringBootContextLoader
2021-02-25 20:26:04.732  INFO 21592 --- [    Test worker] o.s.t.c.support.AbstractContextLoader    : Could not detect default resource locations for test class [com.github.francoisdorval.asteroidapi.component.ComponentTest]: no resource found for suffixes {-context.xml, Context.groovy}.
2021-02-25 20:26:04.733  INFO 21592 --- [    Test worker] t.c.s.AnnotationConfigContextLoaderUtils : Could not detect default configuration classes for test class [com.github.francoisdorval.asteroidapi.component.ComponentTest]: ComponentTest does not declare any static, non-private, non-final, nested classes annotated with @Configuration.
2021-02-25 20:26:04.742  INFO 21592 --- [    Test worker] .b.t.c.SpringBootTestContextBootstrapper : Found @SpringBootConfiguration com.github.francoisdorval.asteroidapi.AsteroidApiApplication for test class com.github.francoisdorval.asteroidapi.component.ComponentTest
2021-02-25 20:26:04.749  INFO 21592 --- [    Test worker] .b.t.c.SpringBootTestContextBootstrapper : Loaded default TestExecutionListener class names from location [META-INF/spring.factories]: [org.springframework.boot.test.autoconfigure.restdocs.RestDocsTestExecutionListener, org.springframework.boot.test.autoconfigure.web.client.MockRestServiceServerResetTestExecutionListener, org.springframework.boot.test.autoconfigure.web.servlet.MockMvcPrintOnlyOnFailureTestExecutionListener, org.springframework.boot.test.autoconfigure.web.servlet.WebDriverTestExecutionListener, org.springframework.boot.test.autoconfigure.webservices.client.MockWebServiceServerTestExecutionListener, org.springframework.boot.test.mock.mockito.MockitoTestExecutionListener, org.springframework.boot.test.mock.mockito.ResetMocksTestExecutionListener, org.springframework.test.context.web.ServletTestExecutionListener, org.springframework.test.context.support.DirtiesContextBeforeModesTestExecutionListener, org.springframework.test.context.event.ApplicationEventsTestExecutionListener, org.springframework.test.context.support.DependencyInjectionTestExecutionListener, org.springframework.test.context.support.DirtiesContextTestExecutionListener, org.springframework.test.context.transaction.TransactionalTestExecutionListener, org.springframework.test.context.jdbc.SqlScriptsTestExecutionListener, org.springframework.test.context.event.EventPublishingTestExecutionListener]
2021-02-25 20:26:04.752  INFO 21592 --- [    Test worker] .b.t.c.SpringBootTestContextBootstrapper : Using TestExecutionListeners: [org.springframework.test.context.web.ServletTestExecutionListener@6d8205ab, org.springframework.test.context.support.DirtiesContextBeforeModesTestExecutionListener@5474312e, org.springframework.test.context.event.ApplicationEventsTestExecutionListener@2dc8555c, org.springframework.boot.test.mock.mockito.MockitoTestExecutionListener@28158670, org.springframework.boot.test.autoconfigure.SpringBootDependencyInjectionTestExecutionListener@55c77184, org.springframework.test.context.support.DirtiesContextTestExecutionListener@204fc753, org.springframework.test.context.event.EventPublishingTestExecutionListener@4f4214b3, org.springframework.boot.test.autoconfigure.restdocs.RestDocsTestExecutionListener@4be03d2d, org.springframework.boot.test.autoconfigure.web.client.MockRestServiceServerResetTestExecutionListener@25c53e84, org.springframework.boot.test.autoconfigure.web.servlet.MockMvcPrintOnlyOnFailureTestExecutionListener@7bee0030, org.springframework.boot.test.autoconfigure.web.servlet.WebDriverTestExecutionListener@24567472, org.springframework.boot.test.autoconfigure.webservices.client.MockWebServiceServerTestExecutionListener@6e953c80, org.springframework.boot.test.mock.mockito.ResetMocksTestExecutionListener@62281ec8]

  .   ____          _            __ _ _
 /\\ / ___'_ __ _ _(_)_ __  __ _ \ \ \ \
( ( )\___ | '_ | '_| | '_ \/ _` | \ \ \ \
 \\/  ___)| |_)| | | | | || (_| |  ) ) ) )
  '  |____| .__|_| |_|_| |_\__, | / / / /
 =========|_|==============|___/=/_/_/_/
 :: Spring Boot ::                (v2.4.2)

2021-02-25 20:26:04.863  INFO 21592 --- [    Test worker] c.g.f.a.component.ComponentTest          : Starting ComponentTest using Java 9.0.1 on DESKTOP-9J2SIQ2 with PID 21592 (started by g-jam in C:\PEX\asteroid-api)
2021-02-25 20:26:04.863  INFO 21592 --- [    Test worker] c.g.f.a.component.ComponentTest          : The following profiles are active: mock
2021-02-25 20:26:05.742  INFO 21592 --- [    Test worker] o.s.b.w.embedded.tomcat.TomcatWebServer  : Tomcat initialized with port(s): 0 (http)
2021-02-25 20:26:05.798  INFO 21592 --- [    Test worker] o.apache.catalina.core.StandardService   : Starting service [Tomcat]
2021-02-25 20:26:05.799  INFO 21592 --- [    Test worker] org.apache.catalina.core.StandardEngine  : Starting Servlet engine: [Apache Tomcat/9.0.41]
2021-02-25 20:26:06.061  INFO 21592 --- [    Test worker] o.a.c.c.C.[Tomcat].[localhost].[/]       : Initializing Spring embedded WebApplicationContext
2021-02-25 20:26:06.062  INFO 21592 --- [    Test worker] w.s.c.ServletWebServerApplicationContext : Root WebApplicationContext: initialization completed in 1193 ms
2021-02-25 20:26:06.558  INFO 21592 --- [    Test worker] o.s.s.concurrent.ThreadPoolTaskExecutor  : Initializing ExecutorService 'applicationTaskExecutor'
2021-02-25 20:26:06.619  INFO 21592 --- [    Test worker] o.s.b.a.w.s.WelcomePageHandlerMapping    : Adding welcome page: class path resource [static/index.html]
2021-02-25 20:26:08.470  INFO 21592 --- [    Test worker] o.s.b.w.embedded.tomcat.TomcatWebServer  : Tomcat started on port(s): 55516 (http) with context path ''
2021-02-25 20:26:08.475  INFO 21592 --- [    Test worker] c.g.f.a.component.ComponentTest          : Started ComponentTest in 3.719 seconds (JVM running for 16.943)
2021-02-25 20:26:08.812  INFO 21592 --- [o-auto-1-exec-1] o.a.c.c.C.[Tomcat].[localhost].[/]       : Initializing Spring DispatcherServlet 'dispatcherServlet'
2021-02-25 20:26:08.812  INFO 21592 --- [o-auto-1-exec-1] o.s.web.servlet.DispatcherServlet        : Initializing Servlet 'dispatcherServlet'
2021-02-25 20:26:08.814  INFO 21592 --- [o-auto-1-exec-1] o.s.web.servlet.DispatcherServlet        : Completed initialization in 1 ms
2021-02-25 20:26:09.055  INFO 21592 --- [    Test worker] c.g.f.a.component.ComponentTest          : result : [{"id":"1","name":"Asteromachin","distanceKilometers":100000.2225},{"id":"2","name":"Asterotruc","distanceKilometers":1234.01},{"id":"3","name":"ʻOumuamua","distanceKilometers":4946111.01}]
]]></system-out>
  <system-err><![CDATA[]]></system-err>
</testsuite>
